<?xml version="1.0" encoding="UTF-8"?>
<!-- Generated by org.testng.reporters.JUnitReportReporter -->
<testsuite skipped="0" hostname="DESKTOP-JGEHULB" name="com.wordpress.testcases.VerifyUsernamePage" tests="1" failures="0" timestamp="28 Jul 2019 08:27:29 GMT" time="18.302" errors="0">
  <testcase name="verifyValidUsernamePage" time="18.302" classname="com.wordpress.testcases.VerifyUsernamePage"/>
</testsuite> <!-- com.wordpress.testcases.VerifyUsernamePage -->
