<?xml version="1.0" encoding="UTF-8"?>
<!-- Generated by org.testng.reporters.JUnitReportReporter -->
<testsuite skipped="0" hostname="DESKTOP-JGEHULB" name="com.wordpress.testcases.LogInPageTest" tests="1" failures="0" timestamp="28 Jul 2019 10:43:33 GMT" time="32.798" errors="0">
  <testcase name="verifyLogInPage" time="32.798" classname="com.wordpress.testcases.LogInPageTest"/>
</testsuite> <!-- com.wordpress.testcases.LogInPageTest -->
